<?xml version="1.0" encoding="UTF-8"?>
<testsuite xmlns:xsi="http://www.w3.org/2001/XMLSchema-instance" xsi:noNamespaceSchemaLocation="https://maven.apache.org/surefire/maven-surefire-plugin/xsd/surefire-test-report-3.0.xsd" version="3.0" name="com.example.service.AuteurServiceTest" time="29.985" tests="3" errors="0" skipped="0" failures="0">
  <properties>
[...]
</properties>
  <testcase name="test_add_new_auteur" classname="com.example.service.AuteurServiceTest" time="1.448">
    <system-out><![CDATA[18:04:00.604 [main] INFO org.springframework.test.context.support.AnnotationConfigContextLoaderUtils -- Could not detect default configuration classes for test class [com.example.service.AuteurServiceTest]: AuteurServiceTest does not declare any static, non-private, non-final, nested classes annotated with @Configuration.
18:04:01.043 [main] INFO org.springframework.boot.test.context.SpringBootTestContextBootstrapper -- Found @SpringBootConfiguration com.example.GestionBibliothequeApplication for test class com.example.service.AuteurServiceTest
18:04:01.679 [main] INFO org.springframework.boot.devtools.restart.RestartApplicationListener -- Restart disabled due to context in which it is running

  .   ____          _            __ _ _
 /\\ / ___'_ __ _ _(_)_ __  __ _ \ \ \ \
( ( )\___ | '_ | '_| | '_ \/ _` | \ \ \ \
 \\/  ___)| |_)| | | | | || (_| |  ) ) ) )
  '  |____| .__|_| |_|_| |_\__, | / / / /
 =========|_|==============|___/=/_/_/_/
 :: Spring Boot ::                (v3.2.0)

2024-01-11T18:04:02.955+01:00  INFO 27364 --- [           main] com.example.service.AuteurServiceTest    : Starting AuteurServiceTest using Java 17.0.8.1 with PID 27364 (started by Marie in C:\Users\Marie\Desktop\spring projects\GestionBibliothequee)
2024-01-11T18:04:02.964+01:00  INFO 27364 --- [           main] com.example.service.AuteurServiceTest    : No active profile set, falling back to 1 default profile: "default"
2024-01-11T18:04:07.371+01:00  INFO 27364 --- [           main] .s.d.r.c.RepositoryConfigurationDelegate : Bootstrapping Spring Data JPA repositories in DEFAULT mode.
2024-01-11T18:04:07.457+01:00  INFO 27364 --- [           main] .s.d.r.c.RepositoryConfigurationDelegate : Finished Spring Data repository scanning in 48 ms. Found 0 JPA repository interfaces.
2024-01-11T18:04:13.249+01:00  INFO 27364 --- [           main] o.hibernate.jpa.internal.util.LogHelper  : HHH000204: Processing PersistenceUnitInfo [name: default]
2024-01-11T18:04:13.886+01:00  INFO 27364 --- [           main] org.hibernate.Version                    : HHH000412: Hibernate ORM core version 6.3.1.Final
2024-01-11T18:04:14.234+01:00  INFO 27364 --- [           main] o.h.c.internal.RegionFactoryInitiator    : HHH000026: Second-level cache disabled
2024-01-11T18:04:14.868+01:00  INFO 27364 --- [           main] o.s.o.j.p.SpringPersistenceUnitInfo      : No LoadTimeWeaver setup: ignoring JPA class transformer
2024-01-11T18:04:15.050+01:00  INFO 27364 --- [           main] com.zaxxer.hikari.HikariDataSource       : HikariPool-1 - Starting...
2024-01-11T18:04:16.207+01:00  INFO 27364 --- [           main] com.zaxxer.hikari.pool.HikariPool        : HikariPool-1 - Added connection com.mysql.cj.jdbc.ConnectionImpl@7d108063
2024-01-11T18:04:16.220+01:00  INFO 27364 --- [           main] com.zaxxer.hikari.HikariDataSource       : HikariPool-1 - Start completed.
2024-01-11T18:04:17.458+01:00  WARN 27364 --- [           main] o.h.boot.model.internal.EntityBinder     : HHH000139: Illegal use of @Table in a subclass of a SINGLE_TABLE hierarchy: com.example.entity.Adherent
2024-01-11T18:04:17.554+01:00  WARN 27364 --- [           main] o.h.boot.model.internal.EntityBinder     : HHH000139: Illegal use of @Table in a subclass of a SINGLE_TABLE hierarchy: com.example.entity.Admin
2024-01-11T18:04:19.909+01:00  INFO 27364 --- [           main] o.h.e.t.j.p.i.JtaPlatformInitiator       : HHH000489: No JTA platform available (set 'hibernate.transaction.jta.platform' to enable JTA platform integration)
2024-01-11T18:04:20.119+01:00  INFO 27364 --- [           main] j.LocalContainerEntityManagerFactoryBean : Initialized JPA EntityManagerFactory for persistence unit 'default'
2024-01-11T18:04:21.127+01:00  WARN 27364 --- [           main] JpaBaseConfiguration$JpaWebConfiguration : spring.jpa.open-in-view is enabled by default. Therefore, database queries may be performed during view rendering. Explicitly configure spring.jpa.open-in-view to disable this warning
2024-01-11T18:04:21.279+01:00  INFO 27364 --- [           main] o.s.s.p.JdbcUserDetailsManager           : No authentication manager set. Reauthentication of users when changing passwords will not be performed.
2024-01-11T18:04:23.986+01:00  INFO 27364 --- [           main] o.s.b.a.e.web.EndpointLinksResolver      : Exposing 14 endpoint(s) beneath base path '/actuator'
2024-01-11T18:04:24.303+01:00  INFO 27364 --- [           main] o.s.s.web.DefaultSecurityFilterChain     : Will secure any request with [org.springframework.security.web.session.DisableEncodeUrlFilter@5a618847, org.springframework.security.web.context.request.async.WebAsyncManagerIntegrationFilter@1b3606e8, org.springframework.security.web.context.SecurityContextHolderFilter@6c8a806c, org.springframework.security.web.header.HeaderWriterFilter@23d030b1, org.springframework.web.filter.CorsFilter@2395c168, org.springframework.security.web.csrf.CsrfFilter@72b8b04f, org.springframework.security.web.authentication.logout.LogoutFilter@21dfec, org.springframework.security.web.authentication.UsernamePasswordAuthenticationFilter@10b1f9f3, org.springframework.security.web.authentication.ui.DefaultLoginPageGeneratingFilter@2799f9a, org.springframework.security.web.authentication.ui.DefaultLogoutPageGeneratingFilter@28322fd3, org.springframework.security.web.savedrequest.RequestCacheAwareFilter@77c77a64, org.springframework.security.web.servletapi.SecurityContextHolderAwareRequestFilter@678f685f, org.springframework.security.web.authentication.AnonymousAuthenticationFilter@7e47a922, org.springframework.security.web.access.ExceptionTranslationFilter@11ed241c, org.springframework.security.web.access.intercept.AuthorizationFilter@5901757]
2024-01-11T18:04:25.678+01:00  WARN 27364 --- [           main] ion$DefaultTemplateResolverConfiguration : Cannot find template location: classpath:/templates/ (please add some templates, check your Thymeleaf configuration, or set spring.thymeleaf.check-template-location=false)
2024-01-11T18:04:27.409+01:00  INFO 27364 --- [           main] o.s.b.t.m.w.SpringBootMockServletContext : Initializing Spring TestDispatcherServlet ''
2024-01-11T18:04:27.410+01:00  INFO 27364 --- [           main] o.s.t.web.servlet.TestDispatcherServlet  : Initializing Servlet ''
2024-01-11T18:04:27.415+01:00  INFO 27364 --- [           main] o.s.t.web.servlet.TestDispatcherServlet  : Completed initialization in 4 ms
2024-01-11T18:04:27.862+01:00  INFO 27364 --- [           main] com.example.service.AuteurServiceTest    : Started AuteurServiceTest in 26.223 seconds (process running for 29.63)
2024-01-11T18:04:28.854+01:00  INFO 27364 --- [           main] o.s.mock.web.MockServletContext          : Initializing Spring TestDispatcherServlet ''
2024-01-11T18:04:28.854+01:00  INFO 27364 --- [           main] o.s.t.web.servlet.TestDispatcherServlet  : Initializing Servlet ''
2024-01-11T18:04:28.858+01:00  INFO 27364 --- [           main] o.s.t.web.servlet.TestDispatcherServlet  : Completed initialization in 3 ms
]]></system-out>
  </testcase>
  <testcase name="test_get_auteur_by_id" classname="com.example.service.AuteurServiceTest" time="0.066">
    <system-out><![CDATA[2024-01-11T18:04:29.862+01:00  INFO 27364 --- [           main] o.s.mock.web.MockServletContext          : Initializing Spring TestDispatcherServlet ''
2024-01-11T18:04:29.863+01:00  INFO 27364 --- [           main] o.s.t.web.servlet.TestDispatcherServlet  : Initializing Servlet ''
2024-01-11T18:04:29.864+01:00  INFO 27364 --- [           main] o.s.t.web.servlet.TestDispatcherServlet  : Completed initialization in 0 ms
]]></system-out>
  </testcase>
  <testcase name="test_get_all_auteur" classname="com.example.service.AuteurServiceTest" time="0.156">
    <system-out><![CDATA[2024-01-11T18:04:29.949+01:00  INFO 27364 --- [           main] o.s.mock.web.MockServletContext          : Initializing Spring TestDispatcherServlet ''
2024-01-11T18:04:29.949+01:00  INFO 27364 --- [           main] o.s.t.web.servlet.TestDispatcherServlet  : Initializing Servlet ''
2024-01-11T18:04:29.956+01:00  INFO 27364 --- [           main] o.s.t.web.servlet.TestDispatcherServlet  : Completed initialization in 5 ms
]]></system-out>
  </testcase>
</testsuite>